#
# There is insufficient memory for the Java Runtime Environment to continue.
# Native memory allocation (malloc) failed to allocate 32744 bytes for ChunkPool::allocate
# Possible reasons:
#   The system is out of physical RAM or swap space
#   In 32 bit mode, the process size limit was hit
# Possible solutions:
#   Reduce memory load on the system
#   Increase physical memory or swap space
#   Check if swap backing store is full
#   Use 64 bit Java on a 64 bit OS
#   Decrease Java heap size (-Xmx/-Xms)
#   Decrease number of Java threads
#   Decrease Java thread stack sizes (-Xss)
#   Set larger code cache with -XX:ReservedCodeCacheSize=
# This output file may be truncated or incomplete.
#
#  Out of Memory Error (allocation.cpp:273), pid=14552, tid=17676
#
# JRE version: Java(TM) SE Runtime Environment (8.0_73-b02) (build 1.8.0_73-b02)
# Java VM: Java HotSpot(TM) 64-Bit Server VM (25.73-b02 mixed mode windows-amd64 compressed oops)
# Failed to write core dump. Minidumps are not enabled by default on client versions of Windows
#

---------------  T H R E A D  ---------------

Current thread (0x00000000165c9000):  JavaThread "C1 CompilerThread2" daemon [_thread_in_native, id=17676, stack(0x0000000016d70000,0x0000000016e70000)]

Stack: [0x0000000016d70000,0x0000000016e70000]
[error occurred during error reporting (printing stack bounds), id 0xc0000005]

Native frames: (J=compiled Java code, j=interpreted, Vv=VM code, C=native code)


Current CompileTask:
C1:   2393   42  s!   3       sun.misc.URLClassPath::getLoader (197 bytes)


---------------  P R O C E S S  ---------------

Java Threads: ( => current thread )
  0x00000000165cf000 JavaThread "Service Thread" daemon [_thread_blocked, id=12420, stack(0x0000000016e70000,0x0000000016f70000)]
=>0x00000000165c9000 JavaThread "C1 CompilerThread2" daemon [_thread_in_native, id=17676, stack(0x0000000016d70000,0x0000000016e70000)]
  0x0000000015231800 JavaThread "C2 CompilerThread1" daemon [_thread_blocked, id=15920, stack(0x0000000016c70000,0x0000000016d70000)]
  0x000000001522f000 JavaThread "C2 CompilerThread0" daemon [_thread_blocked, id=8724, stack(0x0000000016b70000,0x0000000016c70000)]
  0x000000001522d000 JavaThread "Attach Listener" daemon [_thread_blocked, id=16716, stack(0x0000000016a70000,0x0000000016b70000)]
  0x0000000015279800 JavaThread "Signal Dispatcher" daemon [_thread_blocked, id=9404, stack(0x0000000016970000,0x0000000016a70000)]
  0x0000000002b40000 JavaThread "Finalizer" daemon [_thread_blocked, id=18300, stack(0x0000000016470000,0x0000000016570000)]
  0x0000000002b3d800 JavaThread "Reference Handler" daemon [_thread_blocked, id=2024, stack(0x0000000016370000,0x0000000016470000)]
  0x0000000002a50800 JavaThread "main" [_thread_in_vm, id=1856, stack(0x0000000002950000,0x0000000002a50000)]

Other Threads:
  0x00000000151e6800 VMThread [stack: 0x0000000016270000,0x0000000016370000] [id=8612]
  0x00000000165e4000 WatcherThread [stack: 0x0000000016f70000,0x0000000017070000] [id=15900]

VM state:not at safepoint (normal execution)

VM Mutex/Monitor currently owned by a thread: None

Heap:
 PSYoungGen      total 37888K, used 2621K [0x00000000eab00000, 0x00000000ed500000, 0x0000000100000000)
  eden space 32768K, 8% used [0x00000000eab00000,0x00000000ead8f700,0x00000000ecb00000)
  from space 5120K, 0% used [0x00000000ed000000,0x00000000ed000000,0x00000000ed500000)
  to   space 5120K, 0% used [0x00000000ecb00000,0x00000000ecb00000,0x00000000ed000000)
 ParOldGen       total 86016K, used 0K [0x00000000c0000000, 0x00000000c5400000, 0x00000000eab00000)
  object space 86016K, 0% used [0x00000000c0000000,0x00000000c0000000,0x00000000c5400000)
 Metaspace       used 2960K, capacity 4656K, committed 4864K, reserved 1056768K
  class space    used 318K, capacity 424K, committed 512K, reserved 1048576K

Card table byte_map: [0x0000000011f10000,0x0000000012120000] byte_map_base: 0x0000000011910000

Marking Bits: (ParMarkBitMap*) 0x0000000067ed0600
 Begin Bits: [0x0000000012680000, 0x0000000013680000)
 End Bits:   [0x0000000013680000, 0x0000000014680000)

Polling page: 0x0000000002590000

CodeCache: size=245760Kb used=1121Kb max_used=1121Kb free=244638Kb
 bounds [0x0000000002b50000, 0x0000000002dc0000, 0x0000000011b50000]
 total_blobs=278 nmethods=40 adapters=151
 compilation: enabled

Compilation events (10 events):
Event: 2.132 Thread 0x00000000165c9000 nmethod 36 0x0000000002c66cd0 code [0x0000000002c66ea0, 0x0000000002c67398]
Event: 2.151 Thread 0x00000000165c9000   38       3       java.util.concurrent.ConcurrentHashMap::setTabAt (19 bytes)
Event: 2.151 Thread 0x00000000165c9000 nmethod 38 0x0000000002c65110 code [0x0000000002c65260, 0x0000000002c653d0]
Event: 2.151 Thread 0x00000000165c9000   37       1       java.net.URL::getHost (5 bytes)
Event: 2.152 Thread 0x00000000165c9000 nmethod 37 0x0000000002c64e50 code [0x0000000002c64fa0, 0x0000000002c650b0]
Event: 2.154 Thread 0x00000000165c9000   39       1       java.net.URL::getProtocol (5 bytes)
Event: 2.154 Thread 0x00000000165c9000 nmethod 39 0x0000000002c67610 code [0x0000000002c67760, 0x0000000002c67870]
Event: 2.158 Thread 0x00000000165c9000   40       3       java.util.HashMap::getNode (148 bytes)
Event: 2.159 Thread 0x00000000165c9000 nmethod 40 0x0000000002c678d0 code [0x0000000002c67aa0, 0x0000000002c68448]
Event: 2.161 Thread 0x00000000165c9000   42  s!   3       sun.misc.URLClassPath::getLoader (197 bytes)

GC Heap History (0 events):
No events

Deoptimization events (0 events):
No events

Internal exceptions (2 events):
Event: 1.249 Thread 0x0000000002a50800 Exception <a 'java/lang/NoSuchMethodError': Method sun.misc.Unsafe.defineClass(Ljava/lang/String;[BII)Ljava/lang/Class; name or signature does not match> (0x00000000eab130c0) thrown at [D:\re\puppet\workspace\8-2-build-windows-amd64-cygwin\jdk8u73\6086\hot‡–ìYQüó?
Event: 1.249 Thread 0x0000000002a50800 Exception <a 'java/lang/NoSuchMethodError': Method sun.misc.Unsafe.prefetchRead(Ljava/lang/Object;J)V name or signature does not match> (0x00000000eab133a8) thrown at [D:\re\puppet\workspace\8-2-build-windows-amd64-cygwin\jdk8u73\6086\hotspot\src\share\vm\

Events (10 events):
Event: 2.150 loading class com/android/dx/dex/cf/CfOptions
Event: 2.150 loading class com/android/dx/dex/cf/CfOptions done
Event: 2.151 loading class com/android/dx/command/DxConsole
Event: 2.151 loading class com/android/dx/command/DxConsole done
Event: 2.155 loading class com/android/dx/dex/DexOptions
Event: 2.155 loading class com/android/dx/dex/DexOptions done
Event: 2.156 loading class com/android/dx/dex/file/DexFile
Event: 2.156 loading class com/android/dx/dex/file/DexFile done
Event: 2.161 loading class com/android/dx/rop/cst/Constant
Event: 2.161 loading class com/android/dx/rop/cst/Constant done


Dynamic libraries:
0x000007f629bc0000 - 0x000007f629bf7000 	D:\software\jdk8\bin\java.exe
0x000007fdedbd0000 - 0x000007fdedd8d000 	C:\windows\SYSTEM32\ntdll.dll
0x000007fdeb540000 - 0x000007fdeb676000 	C:\windows\system32\KERNEL32.DLL
0x000007fdea8a0000 - 0x000007fdea994000 	C:\windows\system32\KERNELBASE.dll
0x000007fdeba30000 - 0x000007fdebb0e000 	C:\windows\system32\ADVAPI32.dll
0x000007fdebc70000 - 0x000007fdebdbc000 	C:\windows\system32\USER32.dll
0x000007fde7c30000 - 0x000007fde7e9a000 	C:\windows\WinSxS\amd64_microsoft.windows.common-controls_6595b64144ccf1df_6.0.9200.17359_none_4188b989718cf1c6\COMCTL32.dll
0x000007fdebdc0000 - 0x000007fdebe65000 	C:\windows\system32\msvcrt.dll
0x000007fdeb060000 - 0x000007fdeb0a8000 	C:\windows\SYSTEM32\sechost.dll
0x000007fdeb260000 - 0x000007fdeb3a5000 	C:\windows\system32\RPCRT4.dll
0x000007fded950000 - 0x000007fdeda91000 	C:\windows\system32\GDI32.dll
0x000007fdead90000 - 0x000007fdeadc9000 	C:\windows\system32\IMM32.DLL
0x000007fdeb3c0000 - 0x000007fdeb4d5000 	C:\windows\system32\MSCTF.dll
0x0000000066d00000 - 0x0000000066dd2000 	D:\software\jdk8\jre\bin\msvcr100.dll
0x00000000676c0000 - 0x0000000067f50000 	D:\software\jdk8\jre\bin\server\jvm.dll
0x000007fde2020000 - 0x000007fde2029000 	C:\windows\SYSTEM32\WSOCK32.dll
0x000007fdeaba0000 - 0x000007fdeabc0000 	C:\windows\system32\WINMM.dll
0x000007fde6e20000 - 0x000007fde6e29000 	C:\windows\SYSTEM32\VERSION.dll
0x000007fdedbc0000 - 0x000007fdedbc7000 	C:\windows\system32\PSAPI.DLL
0x000007fdeb680000 - 0x000007fdeb6d8000 	C:\windows\system32\WS2_32.dll
0x000007fdea730000 - 0x000007fdea762000 	C:\windows\system32\WINMMBASE.dll
0x000007fdeb3b0000 - 0x000007fdeb3b9000 	C:\windows\system32\NSI.dll
0x00000000676b0000 - 0x00000000676bf000 	D:\software\jdk8\jre\bin\verify.dll
0x0000000067680000 - 0x00000000676a9000 	D:\software\jdk8\jre\bin\java.dll
0x0000000067660000 - 0x0000000067676000 	D:\software\jdk8\jre\bin\zip.dll
0x000007fdec5d0000 - 0x000007fded8b5000 	C:\windows\system32\SHELL32.dll
0x000007fdeb880000 - 0x000007fdeba30000 	C:\windows\SYSTEM32\combase.dll
0x000007fdeb4f0000 - 0x000007fdeb540000 	C:\windows\system32\SHLWAPI.dll
0x000007fde9550000 - 0x000007fde95e6000 	C:\windows\SYSTEM32\SHCORE.dll
0x000007fdea790000 - 0x000007fdea7a5000 	C:\windows\system32\profapi.dll

VM Arguments:
jvm_args: -Djava.awt.headless=true -Xmx1024M -Dfile.encoding=GBK -Duser.country=CN -Duser.language=zh -Duser.variant 
java_command: com.android.dx.command.Main --dex --output C:\Users\lenovo\Desktop\Thisme-master\app\build\intermediates\pre-dexed\debug\me.drakeet.materialdialog-library-1.2.8_803f8f7fae6e7986faa89cc6d4312aa2d3d82db0.jar C:\Users\lenovo\Desktop\Thisme-master\app\build\intermediates\exploded-aar\me.drakeet.materialdialog\library\1.2.8\jars\classes.jar
java_class_path (initial): D:\software\androidSDK\sdk\build-tools\22.0.1\lib\dx.jar
Launcher Type: SUN_STANDARD

Environment Variables:
JAVA_HOME=C:\Program Files (x86)\Java\jdk1.6.0_10
CLASSPATH=.;C:\Program Files (x86)\Java\jdk1.6.0_10\lib\tools.jar;C:\Program Files (x86)\Java\jdk1.6.0_10\lib\dt.jar;.C:\Program Files (x86)\Java\jdk1.6.0_10\lib;
PATH=C:\ProgramData\Oracle\Java\javapath;C:\Program Files (x86)\Java\jdk1.6.0_10\bin;D:\software\android SDK\sdk\platform-tools;;C:\windows\system32;C:\windows;C:\windows\system32\wbem
USERNAME=lenovo
OS=Windows_NT
PROCESSOR_IDENTIFIER=Intel64 Family 6 Model 58 Stepping 9, GenuineIntel



---------------  S Y S T E M  ---------------

OS: Windows 8 , 64 bit Build 9200 (6.2.9200.16627)

CPU:total 4 (2 cores per cpu, 2 threads per core) family 6 model 58 stepping 9, cmov, cx8, fxsr, mmx, sse, sse2, sse3, ssse3, sse4.1, sse4.2, popcnt, avx, clmul, erms, ht, tsc, tscinvbit, tscinv

Memory: 4k page, physical 8229088k(760860k free), swap 10747904k(4568k free)

vm_info: Java HotSpot(TM) 64-Bit Server VM (25.73-b02) for windows-amd64 JRE (1.8.0_73-b02), built on Jan 29 2016 17:38:49 by "java_re" with MS VC++ 10.0 (VS2010)

time: Mon Feb 22 19:24:06 2016
elapsed time: 2 seconds (0d 0h 0m 2s)

